
> election-education-assistant@0.0.0 dev
> vite --host 0.0.0.0 --port 5173


  VITE v8.0.9  ready in 220 ms

  ➜  Local:   http://localhost:5173/
  ➜  Network: http://172.20.0.6:5173/
1:35:19 PM [vite] (client) hmr update /src/index.css
1:35:19 PM [vite] (client) hmr update /src/App.jsx, /src/index.css
1:35:25 PM [vite] .env changed, restarting server...
1:35:25 PM [vite] .env changed, restarting server...
1:35:25 PM [vite] (client) Re-optimizing dependencies because lockfile has changed
1:35:25 PM [vite] server restarted.
1:42:10 PM [vite] (client) hmr update /src/App.jsx, /src/index.css
1:42:21 PM [vite] (client) hmr update /src/index.css
1:44:56 PM [vite] (client) hmr update /src/App.jsx, /src/index.css
1:50:38 PM [vite] (client) hmr update /src/App.jsx, /src/index.css
1:58:43 PM [vite] (client) hmr update /src/App.jsx, /src/index.css
2:06:39 PM [vite] (client) hmr update /src/App.jsx, /src/index.css
2:06:40 PM [vite] (client) ✨ new dependencies optimized: framer-motion
2:06:40 PM [vite] (client) ✨ optimized dependencies changed. reloading
2:06:41 PM [vite] (client) [console.error] [vite] Failed to reload /src/App.jsx. This could be due to syntax errors or importing non-existent modules. (see errors above)
2:06:44 PM [vite] (client) hmr update /src/index.css
2:07:11 PM [vite] (client) hmr update /src/App.jsx, /src/index.css
2:07:36 PM [vite] (client) hmr update /src/App.jsx, /src/index.css
2:07:48 PM [vite] (client) hmr update /src/App.jsx, /src/index.css
